<?xml version="1.0" encoding="UTF-8"?>
<!-- Generated by org.testng.reporters.JUnitReportReporter -->
<testsuite hostname="LAPTOP-6H0FSJA9" failures="0" tests="1" name="com.testng.Testng" time="12.674" errors="0" timestamp="2023-08-26T15:14:06 IST" skipped="0">
  <testcase classname="com.testng.Testng" name="setup" time="12.674"/>
  <system-out/>
</testsuite> <!-- com.testng.Testng -->
